<?xml version="1.0" encoding="UTF-8"?>
<testng-results skipped="0" failed="0" ignored="0" total="1" passed="1">
  <reporter-output>
    <line>
      <![CDATA[log4j msg]]>
    </line>
  </reporter-output>
  <suite name="Default suite" duration-ms="102" started-at="2019-03-07T07:06:47Z" finished-at="2019-03-07T07:06:47Z">
    <groups>
    </groups>
    <test name="Default test" duration-ms="102" started-at="2019-03-07T07:06:47Z" finished-at="2019-03-07T07:06:47Z">
      <class name="extentReporsts.demo">
        <test-method status="PASS" signature="demoLog4j()[pri:0, instance:extentReporsts.demo@fc185]" name="demoLog4j" duration-ms="82" started-at="2019-03-07T07:06:47Z" finished-at="2019-03-07T07:06:47Z">
          <reporter-output>
            <line>
              <![CDATA[log4j msg]]>
            </line>
          </reporter-output>
        </test-method> <!-- demoLog4j -->
      </class> <!-- extentReporsts.demo -->
    </test> <!-- Default test -->
  </suite> <!-- Default suite -->
</testng-results>
